This is pdfTeX, Version 3.141592653-2.6-1.40.22 (TeX Live 2021) (preloaded format=pdflatex 2021.8.12)  12 MAY 2022 13:44
entering extended mode
 restricted \write18 enabled.
 file:line:error style messages enabled.
 %&-line parsing enabled.
**CS_Final_report.tex
(./CS_Final_report.tex
LaTeX2e <2020-10-01> patch level 4
L3 programming layer <2021-02-18>
(/usr/local/texlive/2021/texmf-dist/tex/latex/base/article.cls
Document Class: article 2020/04/10 v1.4m Standard LaTeX document class
(/usr/local/texlive/2021/texmf-dist/tex/latex/base/size10.clo
File: size10.clo 2020/04/10 v1.4m Standard LaTeX file (size option)
)
\c@part=\count179
\c@section=\count180
\c@subsection=\count181
\c@subsubsection=\count182
\c@paragraph=\count183
\c@subparagraph=\count184
\c@figure=\count185
\c@table=\count186
\abovecaptionskip=\skip47
\belowcaptionskip=\skip48
\bibindent=\dimen138
)
(/usr/local/texlive/2021/texmf-dist/tex/latex/amsmath/amsmath.sty
Package: amsmath 2020/09/23 v2.17i AMS math features
\@mathmargin=\skip49

For additional information on amsmath, use the `?' option.
(/usr/local/texlive/2021/texmf-dist/tex/latex/amsmath/amstext.sty
Package: amstext 2000/06/29 v2.01 AMS text

(/usr/local/texlive/2021/texmf-dist/tex/latex/amsmath/amsgen.sty
File: amsgen.sty 1999/11/30 v2.0 generic functions
\@emptytoks=\toks15
\ex@=\dimen139
))
(/usr/local/texlive/2021/texmf-dist/tex/latex/amsmath/amsbsy.sty
Package: amsbsy 1999/11/29 v1.2d Bold Symbols
\pmbraise@=\dimen140
)
(/usr/local/texlive/2021/texmf-dist/tex/latex/amsmath/amsopn.sty
Package: amsopn 2016/03/08 v2.02 operator names
)
\inf@bad=\count187
LaTeX Info: Redefining \frac on input line 234.
\uproot@=\count188
\leftroot@=\count189
LaTeX Info: Redefining \overline on input line 399.
\classnum@=\count190
\DOTSCASE@=\count191
LaTeX Info: Redefining \ldots on input line 496.
LaTeX Info: Redefining \dots on input line 499.
LaTeX Info: Redefining \cdots on input line 620.
\Mathstrutbox@=\box47
\strutbox@=\box48
\big@size=\dimen141
LaTeX Font Info:    Redeclaring font encoding OML on input line 743.
LaTeX Font Info:    Redeclaring font encoding OMS on input line 744.
\macc@depth=\count192
\c@MaxMatrixCols=\count193
\dotsspace@=\muskip16
\c@parentequation=\count194
\dspbrk@lvl=\count195
\tag@help=\toks16
\row@=\count196
\column@=\count197
\maxfields@=\count198
\andhelp@=\toks17
\eqnshift@=\dimen142
\alignsep@=\dimen143
\tagshift@=\dimen144
\tagwidth@=\dimen145
\totwidth@=\dimen146
\lineht@=\dimen147
\@envbody=\toks18
\multlinegap=\skip50
\multlinetaggap=\skip51
\mathdisplay@stack=\toks19
LaTeX Info: Redefining \[ on input line 2923.
LaTeX Info: Redefining \] on input line 2924.
)
(/usr/local/texlive/2021/texmf-dist/tex/latex/amsfonts/amssymb.sty
Package: amssymb 2013/01/14 v3.01 AMS font symbols

(/usr/local/texlive/2021/texmf-dist/tex/latex/amsfonts/amsfonts.sty
Package: amsfonts 2013/01/14 v3.01 Basic AMSFonts support
\symAMSa=\mathgroup4
\symAMSb=\mathgroup5
LaTeX Font Info:    Redeclaring math symbol \hbar on input line 98.
LaTeX Font Info:    Overwriting math alphabet `\mathfrak' in version `bold'
(Font)                  U/euf/m/n --> U/euf/b/n on input line 106.
))
(/usr/local/texlive/2021/texmf-dist/tex/latex/graphics/color.sty
Package: color 2020/02/24 v1.2b Standard LaTeX Color (DPC)

(/usr/local/texlive/2021/texmf-dist/tex/latex/graphics-cfg/color.cfg
File: color.cfg 2016/01/02 v1.6 sample color configuration
)
Package color Info: Driver file: pdftex.def on input line 147.

(/usr/local/texlive/2021/texmf-dist/tex/latex/graphics-def/pdftex.def
File: pdftex.def 2020/10/05 v1.2a Graphics/color driver for pdftex
))
(/usr/local/texlive/2021/texmf-dist/tex/latex/float/float.sty
Package: float 2001/11/08 v1.3d Float enhancements (AL)
\c@float@type=\count199
\float@exts=\toks20
\float@box=\box49
\@float@everytoks=\toks21
\@floatcapt=\box50
)
(/usr/local/texlive/2021/texmf-dist/tex/latex/subfigure/subfigure.sty
Package: subfigure 2002/03/15 v2.1.5 subfigure package
\subfigtopskip=\skip52
\subfigcapskip=\skip53
\subfigcaptopadj=\dimen148
\subfigbottomskip=\skip54
\subfigcapmargin=\dimen149
\subfiglabelskip=\skip55
\c@subfigure=\count266
\c@lofdepth=\count267
\c@subtable=\count268
\c@lotdepth=\count269

****************************************
* Local config file subfigure.cfg used *
****************************************
(/usr/local/texlive/2021/texmf-dist/tex/latex/subfigure/subfigure.cfg)
\subfig@top=\skip56
\subfig@bottom=\skip57
)
(/usr/local/texlive/2021/texmf-dist/tex/latex/graphics/graphicx.sty
Package: graphicx 2020/09/09 v1.2b Enhanced LaTeX Graphics (DPC,SPQR)

(/usr/local/texlive/2021/texmf-dist/tex/latex/graphics/keyval.sty
Package: keyval 2014/10/28 v1.15 key=value parser (DPC)
\KV@toks@=\toks22
)
(/usr/local/texlive/2021/texmf-dist/tex/latex/graphics/graphics.sty
Package: graphics 2020/08/30 v1.4c Standard LaTeX Graphics (DPC,SPQR)

(/usr/local/texlive/2021/texmf-dist/tex/latex/graphics/trig.sty
Package: trig 2016/01/03 v1.10 sin cos tan (DPC)
)
(/usr/local/texlive/2021/texmf-dist/tex/latex/graphics-cfg/graphics.cfg
File: graphics.cfg 2016/06/04 v1.11 sample graphics configuration
)
Package graphics Info: Driver file: pdftex.def on input line 105.
)
\Gin@req@height=\dimen150
\Gin@req@width=\dimen151
)
(/usr/local/texlive/2021/texmf-dist/tex/latex/mdframed/mdframed.sty
Package: mdframed 2013/07/01 1.9b: mdframed

(/usr/local/texlive/2021/texmf-dist/tex/latex/kvoptions/kvoptions.sty
Package: kvoptions 2020-10-07 v3.14 Key value format for package options (HO)

(/usr/local/texlive/2021/texmf-dist/tex/generic/ltxcmds/ltxcmds.sty
Package: ltxcmds 2020-05-10 v1.25 LaTeX kernel commands for general use (HO)
)
(/usr/local/texlive/2021/texmf-dist/tex/generic/kvsetkeys/kvsetkeys.sty
Package: kvsetkeys 2019/12/15 v1.18 Key value parser (HO)
))
(/usr/local/texlive/2021/texmf-dist/tex/latex/l3packages/xparse/xparse.sty
(/usr/local/texlive/2021/texmf-dist/tex/latex/l3kernel/expl3.sty
Package: expl3 2021-02-18 L3 programming layer (loader) 

(/usr/local/texlive/2021/texmf-dist/tex/latex/l3backend/l3backend-pdftex.def
File: l3backend-pdftex.def 2021-03-18 L3 backend support: PDF output (pdfTeX)
\l__color_backend_stack_int=\count270
\l__pdf_internal_box=\box51
))
(/usr/local/texlive/2021/texmf-dist/tex/latex/l3packages/xparse/xparse-2020-10-
01.sty
(/usr/local/texlive/2021/texmf-dist/tex/latex/l3packages/xparse/xparse-generic.
tex))) (/usr/local/texlive/2021/texmf-dist/tex/latex/etoolbox/etoolbox.sty
Package: etoolbox 2020/10/05 v2.5k e-TeX tools for LaTeX (JAW)
\etb@tempcnta=\count271
)
(/usr/local/texlive/2021/texmf-dist/tex/latex/zref/zref-abspage.sty
Package: zref-abspage 2020-07-03 v2.32 Module abspage for zref (HO)

(/usr/local/texlive/2021/texmf-dist/tex/latex/zref/zref-base.sty
Package: zref-base 2020-07-03 v2.32 Module base for zref (HO)

(/usr/local/texlive/2021/texmf-dist/tex/generic/infwarerr/infwarerr.sty
Package: infwarerr 2019/12/03 v1.5 Providing info/warning/error messages (HO)
)
(/usr/local/texlive/2021/texmf-dist/tex/generic/kvdefinekeys/kvdefinekeys.sty
Package: kvdefinekeys 2019-12-19 v1.6 Define keys (HO)
)
(/usr/local/texlive/2021/texmf-dist/tex/generic/pdftexcmds/pdftexcmds.sty
Package: pdftexcmds 2020-06-27 v0.33 Utility functions of pdfTeX for LuaTeX (HO
)

(/usr/local/texlive/2021/texmf-dist/tex/generic/iftex/iftex.sty
Package: iftex 2020/03/06 v1.0d TeX engine tests
)
Package pdftexcmds Info: \pdf@primitive is available.
Package pdftexcmds Info: \pdf@ifprimitive is available.
Package pdftexcmds Info: \pdfdraftmode found.
)
(/usr/local/texlive/2021/texmf-dist/tex/generic/etexcmds/etexcmds.sty
Package: etexcmds 2019/12/15 v1.7 Avoid name clashes with e-TeX commands (HO)
)
(/usr/local/texlive/2021/texmf-dist/tex/latex/auxhook/auxhook.sty
Package: auxhook 2019-12-17 v1.6 Hooks for auxiliary files (HO)
)
Package zref Info: New property list: main on input line 764.
Package zref Info: New property: default on input line 765.
Package zref Info: New property: page on input line 766.
)
(/usr/local/texlive/2021/texmf-dist/tex/latex/base/atbegshi-ltx.sty
Package: atbegshi-ltx 2020/08/17 v1.0a Emulation of the original atbegshi packa
ge
with kernel methods
)
\c@abspage=\count272
Package zref Info: New property: abspage on input line 66.
)
(/usr/local/texlive/2021/texmf-dist/tex/latex/needspace/needspace.sty
Package: needspace 2010/09/12 v1.3d reserve vertical space
)
\mdf@templength=\skip58
\c@mdf@globalstyle@cnt=\count273
\mdf@skipabove@length=\skip59
\mdf@skipbelow@length=\skip60
\mdf@leftmargin@length=\skip61
\mdf@rightmargin@length=\skip62
\mdf@innerleftmargin@length=\skip63
\mdf@innerrightmargin@length=\skip64
\mdf@innertopmargin@length=\skip65
\mdf@innerbottommargin@length=\skip66
\mdf@splittopskip@length=\skip67
\mdf@splitbottomskip@length=\skip68
\mdf@outermargin@length=\skip69
\mdf@innermargin@length=\skip70
\mdf@linewidth@length=\skip71
\mdf@innerlinewidth@length=\skip72
\mdf@middlelinewidth@length=\skip73
\mdf@outerlinewidth@length=\skip74
\mdf@roundcorner@length=\skip75
\mdf@footenotedistance@length=\skip76
\mdf@userdefinedwidth@length=\skip77
\mdf@needspace@length=\skip78
\mdf@frametitleaboveskip@length=\skip79
\mdf@frametitlebelowskip@length=\skip80
\mdf@frametitlerulewidth@length=\skip81
\mdf@frametitleleftmargin@length=\skip82
\mdf@frametitlerightmargin@length=\skip83
\mdf@shadowsize@length=\skip84
\mdf@extratopheight@length=\skip85
\mdf@subtitleabovelinewidth@length=\skip86
\mdf@subtitlebelowlinewidth@length=\skip87
\mdf@subtitleaboveskip@length=\skip88
\mdf@subtitlebelowskip@length=\skip89
\mdf@subtitleinneraboveskip@length=\skip90
\mdf@subtitleinnerbelowskip@length=\skip91
\mdf@subsubtitleabovelinewidth@length=\skip92
\mdf@subsubtitlebelowlinewidth@length=\skip93
\mdf@subsubtitleaboveskip@length=\skip94
\mdf@subsubtitlebelowskip@length=\skip95
\mdf@subsubtitleinneraboveskip@length=\skip96
\mdf@subsubtitleinnerbelowskip@length=\skip97

(/usr/local/texlive/2021/texmf-dist/tex/latex/mdframed/md-frame-0.mdf
File: md-frame-0.mdf 2013/07/01\ 1.9b: md-frame-0
)
\mdf@frametitlebox=\box52
\mdf@footnotebox=\box53
\mdf@splitbox@one=\box54
\mdf@splitbox@two=\box55
\mdf@splitbox@save=\box56
\mdfsplitboxwidth=\skip98
\mdfsplitboxtotalwidth=\skip99
\mdfsplitboxheight=\skip100
\mdfsplitboxdepth=\skip101
\mdfsplitboxtotalheight=\skip102
\mdfframetitleboxwidth=\skip103
\mdfframetitleboxtotalwidth=\skip104
\mdfframetitleboxheight=\skip105
\mdfframetitleboxdepth=\skip106
\mdfframetitleboxtotalheight=\skip107
\mdffootnoteboxwidth=\skip108
\mdffootnoteboxtotalwidth=\skip109
\mdffootnoteboxheight=\skip110
\mdffootnoteboxdepth=\skip111
\mdffootnoteboxtotalheight=\skip112
\mdftotallinewidth=\skip113
\mdfboundingboxwidth=\skip114
\mdfboundingboxtotalwidth=\skip115
\mdfboundingboxheight=\skip116
\mdfboundingboxdepth=\skip117
\mdfboundingboxtotalheight=\skip118
\mdf@freevspace@length=\skip119
\mdf@horizontalwidthofbox@length=\skip120
\mdf@verticalmarginwhole@length=\skip121
\mdf@horizontalspaceofbox=\skip122
\mdfsubtitleheight=\skip123
\mdfsubsubtitleheight=\skip124
\c@mdfcountframes=\count274

****** mdframed patching \endmdf@trivlist

****** -- success******

\mdf@envdepth=\count275
\c@mdf@env@i=\count276
\c@mdf@env@ii=\count277
\c@mdf@zref@counter=\count278
Package zref Info: New property: mdf@pagevalue on input line 895.
)
(/usr/local/texlive/2021/texmf-dist/tex/latex/changepage/changepage.sty
Package: changepage 2009/10/20 v1.0c check page and change page layout
\c@cp@cntr=\count279
\cp@tempcnt=\count280
)
(./CS_Final_report.aux)
\openout1 = `CS_Final_report.aux'.

LaTeX Font Info:    Checking defaults for OML/cmm/m/it on input line 63.
LaTeX Font Info:    ... okay on input line 63.
LaTeX Font Info:    Checking defaults for OMS/cmsy/m/n on input line 63.
LaTeX Font Info:    ... okay on input line 63.
LaTeX Font Info:    Checking defaults for OT1/cmr/m/n on input line 63.
LaTeX Font Info:    ... okay on input line 63.
LaTeX Font Info:    Checking defaults for T1/cmr/m/n on input line 63.
LaTeX Font Info:    ... okay on input line 63.
LaTeX Font Info:    Checking defaults for TS1/cmr/m/n on input line 63.
LaTeX Font Info:    ... okay on input line 63.
LaTeX Font Info:    Checking defaults for OMX/cmex/m/n on input line 63.
LaTeX Font Info:    ... okay on input line 63.
LaTeX Font Info:    Checking defaults for U/cmr/m/n on input line 63.
LaTeX Font Info:    ... okay on input line 63.

(/usr/local/texlive/2021/texmf-dist/tex/context/base/mkii/supp-pdf.mkii
[Loading MPS to PDF converter (version 2006.09.02).]
\scratchcounter=\count281
\scratchdimen=\dimen152
\scratchbox=\box57
\nofMPsegments=\count282
\nofMParguments=\count283
\everyMPshowfont=\toks23
\MPscratchCnt=\count284
\MPscratchDim=\dimen153
\MPnumerator=\count285
\makeMPintoPDFobject=\count286
\everyMPtoPDFconversion=\toks24
) (/usr/local/texlive/2021/texmf-dist/tex/latex/epstopdf-pkg/epstopdf-base.sty
Package: epstopdf-base 2020-01-24 v2.11 Base part for package epstopdf
Package epstopdf-base Info: Redefining graphics rule for `.eps' on input line 4
85.

(/usr/local/texlive/2021/texmf-dist/tex/latex/latexconfig/epstopdf-sys.cfg
File: epstopdf-sys.cfg 2010/07/13 v1.3 Configuration of (r)epstopdf for TeX Liv
e
))
LaTeX Font Info:    Trying to load font information for U+msa on input line 67.


(/usr/local/texlive/2021/texmf-dist/tex/latex/amsfonts/umsa.fd
File: umsa.fd 2013/01/14 v3.01 AMS symbols A
)
LaTeX Font Info:    Trying to load font information for U+msb on input line 67.


(/usr/local/texlive/2021/texmf-dist/tex/latex/amsfonts/umsb.fd
File: umsb.fd 2013/01/14 v3.01 AMS symbols B
) [1

{/usr/local/texlive/2021/texmf-var/fonts/map/pdftex/updmap/pdftex.map}] [2] [3]
<results/figure_1.jpg, id=25, 2407.99625pt x 1595.9625pt>
File: results/figure_1.jpg Graphic file (type jpg)
<use results/figure_1.jpg>
Package pdftex.def Info: results/figure_1.jpg  used on input line 105.
(pdftex.def)             Requested size: 446.2658pt x 295.75984pt.
 [4 <./results/figure_1.jpg>]
<results/figure_2.jpg, id=29, 1971.365pt x 1678.27pt>
File: results/figure_2.jpg Graphic file (type jpg)
<use results/figure_2.jpg>
Package pdftex.def Info: results/figure_2.jpg  used on input line 113.
(pdftex.def)             Requested size: 460.35788pt x 391.9095pt.
<results/Conditions_data_bio_age.png, id=30, 908.193pt x 823.878pt>
File: results/Conditions_data_bio_age.png Graphic file (type png)
<use results/Conditions_data_bio_age.png>
Package pdftex.def Info: results/Conditions_data_bio_age.png  used on input lin
e 121.
(pdftex.def)             Requested size: 422.77661pt x 383.52673pt.


LaTeX Warning: `!h' float specifier changed to `!ht'.

[5] [6 <./results/figure_2.jpg>] (./CS_Final_report.bbl [7 <./results/Condition
s_data_bio_age.png (PNG copy)>]) [8] (./CS_Final_report.aux) ) 
Here is how much of TeX's memory you used:
 4350 strings out of 478994
 66507 string characters out of 5858184
 377885 words of memory out of 5000000
 21738 multiletter control sequences out of 15000+600000
 409497 words of font info for 50 fonts, out of 8000000 for 9000
 1141 hyphenation exceptions out of 8191
 95i,6n,102p,1680b,237s stack positions out of 5000i,500n,10000p,200000b,80000s
</usr/local/texli
ve/2021/texmf-dist/fonts/type1/public/amsfonts/cm/cmbx10.pfb></usr/local/texliv
e/2021/texmf-dist/fonts/type1/public/amsfonts/cm/cmbx12.pfb></usr/local/texlive
/2021/texmf-dist/fonts/type1/public/amsfonts/cm/cmcsc10.pfb></usr/local/texlive
/2021/texmf-dist/fonts/type1/public/amsfonts/cm/cmmi10.pfb></usr/local/texlive/
2021/texmf-dist/fonts/type1/public/amsfonts/cm/cmmi7.pfb></usr/local/texlive/20
21/texmf-dist/fonts/type1/public/amsfonts/cm/cmr10.pfb></usr/local/texlive/2021
/texmf-dist/fonts/type1/public/amsfonts/cm/cmr12.pfb></usr/local/texlive/2021/t
exmf-dist/fonts/type1/public/amsfonts/cm/cmr7.pfb></usr/local/texlive/2021/texm
f-dist/fonts/type1/public/amsfonts/cm/cmr9.pfb></usr/local/texlive/2021/texmf-d
ist/fonts/type1/public/amsfonts/cm/cmss12.pfb></usr/local/texlive/2021/texmf-di
st/fonts/type1/public/amsfonts/cm/cmssbx10.pfb></usr/local/texlive/2021/texmf-d
ist/fonts/type1/public/amsfonts/cm/cmsy10.pfb></usr/local/texlive/2021/texmf-di
st/fonts/type1/public/amsfonts/cm/cmti10.pfb></usr/local/texlive/2021/texmf-dis
t/fonts/type1/public/amsfonts/symbols/msbm10.pfb>
Output written on CS_Final_report.pdf (8 pages, 1701249 bytes).
PDF statistics:
 90 PDF objects out of 1000 (max. 8388607)
 62 compressed objects within 1 object stream
 0 named destinations out of 1000 (max. 500000)
 16 words of extra memory for PDF output out of 10000 (max. 10000000)

